<?xml version="1.0" encoding="UTF-8"?>
<!-- Generated by org.testng.reporters.JUnitXMLReporter -->
<testsuite hostname="DESKTOP-HRIMAG0" ignored="0" name="Test" tests="7" failures="0" timestamp="22 Aug 2019 09:49:57 GMT" time="91.462" errors="0">
  <testcase name="showData" time="6.323" classname="com.Hemanth.H_ReusableCode.DataDrivenFramework"/>
  <testcase name="showData" time="8.265" classname="com.Hemanth.H_ReusableCode.DataDrivenFramework"/>
  <testcase name="showData" time="6.175" classname="com.Hemanth.H_ReusableCode.DataDrivenFramework"/>
  <testcase name="showData" time="6.161" classname="com.Hemanth.H_ReusableCode.DataDrivenFramework"/>
  <testcase name="showData" time="9.1" classname="com.Hemanth.H_ReusableCode.DataDrivenFramework"/>
  <testcase name="showData" time="6.184" classname="com.Hemanth.H_ReusableCode.DataDrivenFramework"/>
  <testcase name="showData" time="6.256" classname="com.Hemanth.H_ReusableCode.DataDrivenFramework"/>
</testsuite> <!-- Test -->
