<?xml version="1.0" encoding="UTF-8"?>
<testsuite xmlns:xsi="http://www.w3.org/2001/XMLSchema-instance" xsi:noNamespaceSchemaLocation="https://maven.apache.org/surefire/maven-surefire-plugin/xsd/surefire-test-report.xsd" name="TestSuite" time="92.099" tests="7" errors="0" skipped="0" failures="0">
  <properties>
[...]
</properties>
  <testcase name="showData" classname="com.Hemanth.H_ReusableCode.DataDrivenFramework" time="6.323"/>
  <testcase name="showData" classname="com.Hemanth.H_ReusableCode.DataDrivenFramework" time="8.265"/>
  <testcase name="showData" classname="com.Hemanth.H_ReusableCode.DataDrivenFramework" time="6.175"/>
  <testcase name="showData" classname="com.Hemanth.H_ReusableCode.DataDrivenFramework" time="6.161"/>
  <testcase name="showData" classname="com.Hemanth.H_ReusableCode.DataDrivenFramework" time="9.1"/>
  <testcase name="showData" classname="com.Hemanth.H_ReusableCode.DataDrivenFramework" time="6.184"/>
  <testcase name="showData" classname="com.Hemanth.H_ReusableCode.DataDrivenFramework" time="6.256"/>
</testsuite>